0 info it worked if it ends with ok
1 verbose cli [ '/usr/local/bin/node', '/usr/local/bin/npm', 'run', 'deploy' ]
2 info using npm@3.10.9
3 info using node@v6.9.2
4 verbose run-script [ 'predeploy', 'deploy', 'postdeploy' ]
5 info lifecycle crypt@~predeploy: crypt@
6 silly lifecycle crypt@~predeploy: no script for predeploy, continuing
7 info lifecycle crypt@~deploy: crypt@
8 verbose lifecycle crypt@~deploy: unsafe-perm in lifecycle true
9 verbose lifecycle crypt@~deploy: PATH: /usr/local/lib/node_modules/npm/bin/node-gyp-bin:/Users/arun/Developer/plsencrypt/site/node_modules/.bin:/Users/arun/Library/Enthought/Canopy_64bit/User/bin:/usr/local/bin:/usr/bin:/bin:/usr/sbin:/sbin:/Users/arun/Library/Enthought/Canopy_64bit/User/bin
10 verbose lifecycle crypt@~deploy: CWD: /Users/arun/Developer/plsencrypt/site
11 silly lifecycle crypt@~deploy: Args: [ '-c',
11 silly lifecycle   'DEPLOY_HOSTNAME=galaxy.meteor.com meteor deploy plsencrypt.me --settings settings.json' ]
12 silly lifecycle crypt@~deploy: Returned: code: 1  signal: null
13 info lifecycle crypt@~deploy: Failed to exec deploy script
14 verbose stack Error: crypt@ deploy: `DEPLOY_HOSTNAME=galaxy.meteor.com meteor deploy plsencrypt.me --settings settings.json`
14 verbose stack Exit status 1
14 verbose stack     at EventEmitter.<anonymous> (/usr/local/lib/node_modules/npm/lib/utils/lifecycle.js:255:16)
14 verbose stack     at emitTwo (events.js:106:13)
14 verbose stack     at EventEmitter.emit (events.js:191:7)
14 verbose stack     at ChildProcess.<anonymous> (/usr/local/lib/node_modules/npm/lib/utils/spawn.js:40:14)
14 verbose stack     at emitTwo (events.js:106:13)
14 verbose stack     at ChildProcess.emit (events.js:191:7)
14 verbose stack     at maybeClose (internal/child_process.js:877:16)
14 verbose stack     at Process.ChildProcess._handle.onexit (internal/child_process.js:226:5)
15 verbose pkgid crypt@
16 verbose cwd /Users/arun/Developer/plsencrypt/site
17 error Darwin 16.3.0
18 error argv "/usr/local/bin/node" "/usr/local/bin/npm" "run" "deploy"
19 error node v6.9.2
20 error npm  v3.10.9
21 error code ELIFECYCLE
22 error crypt@ deploy: `DEPLOY_HOSTNAME=galaxy.meteor.com meteor deploy plsencrypt.me --settings settings.json`
22 error Exit status 1
23 error Failed at the crypt@ deploy script 'DEPLOY_HOSTNAME=galaxy.meteor.com meteor deploy plsencrypt.me --settings settings.json'.
23 error Make sure you have the latest version of node.js and npm installed.
23 error If you do, this is most likely a problem with the crypt package,
23 error not with npm itself.
23 error Tell the author that this fails on your system:
23 error     DEPLOY_HOSTNAME=galaxy.meteor.com meteor deploy plsencrypt.me --settings settings.json
23 error You can get information on how to open an issue for this project with:
23 error     npm bugs crypt
23 error Or if that isn't available, you can get their info via:
23 error     npm owner ls crypt
23 error There is likely additional logging output above.
24 verbose exit [ 1, true ]
